<?xml version="1.0" encoding="UTF-8"?>
<testng-results skipped="0" failed="3" total="7" passed="4">
  <reporter-output>
  </reporter-output>
  <suite name="com.app.qa.tests.TemperatureServicesTest" duration-ms="3092" started-at="2015-01-11T11:30:53Z" finished-at="2015-01-11T11:30:56Z">
    <groups>
      <group name="functest">
        <method signature="com.app.qa.tests.TemperatureServicesTest.verifyTemperaturNoValue(java.lang.String)" name="verifyTemperaturNoValue" class="com.app.qa.tests.TemperatureServicesTest"/>
        <method signature="com.app.qa.tests.TemperatureServicesTest.verifyTemperature(java.lang.String, java.lang.String, java.lang.String)" name="verifyTemperature" class="com.app.qa.tests.TemperatureServicesTest"/>
        <method signature="com.app.qa.tests.TemperatureServicesTest.verifyTemperatureForMissingZip(java.lang.String)" name="verifyTemperatureForMissingZip" class="com.app.qa.tests.TemperatureServicesTest"/>
        <method signature="com.app.qa.tests.TemperatureServicesTest.verifyTemperatureWithInvalidDetails(java.lang.String)" name="verifyTemperatureWithInvalidDetails" class="com.app.qa.tests.TemperatureServicesTest"/>
      </group>
      <group name="guitest">
        <method signature="com.app.qa.tests.TemperatureServicesTest.verifyPageHeader()" name="verifyPageHeader" class="com.app.qa.tests.TemperatureServicesTest"/>
        <method signature="com.app.qa.tests.TemperatureServicesTest.verifyPageTitle()" name="verifyPageTitle" class="com.app.qa.tests.TemperatureServicesTest"/>
      </group>
    </groups>
    <test name="Command line test" duration-ms="3092" started-at="2015-01-11T11:30:53Z" finished-at="2015-01-11T11:30:56Z">
      <class name="com.app.qa.tests.TemperatureServicesTest">
        <test-method status="PASS" signature="setupSuite(org.testng.ITestContext)" name="setupSuite" is-config="true" duration-ms="10710" started-at="2015-01-11T11:30:42Z" finished-at="2015-01-11T11:30:53Z">
          <params>
            <param index="0">
              <value>
                <![CDATA[org.testng.TestRunner@6ca18a14]]>
              </value>
            </param>
          </params>
        </test-method>
        <test-method status="PASS" signature="reportHeader(java.lang.reflect.Method)" name="reportHeader" is-config="true" duration-ms="2" started-at="2015-01-11T11:30:53Z" finished-at="2015-01-11T11:30:53Z">
          <params>
            <param index="0">
              <value>
                <![CDATA[public void com.app.qa.tests.TemperatureServicesTest.verifyPageHeader() throws java.lang.Throwable]]>
              </value>
            </param>
          </params>
        </test-method>
        <test-method status="PASS" signature="verifyPageHeader()" name="verifyPageHeader" duration-ms="140" started-at="2015-01-11T11:30:53Z" finished-at="2015-01-11T11:30:53Z">
        </test-method>
        <test-method status="PASS" signature="reportHeader(java.lang.reflect.Method)" name="reportHeader" is-config="true" duration-ms="3" started-at="2015-01-11T11:30:53Z" finished-at="2015-01-11T11:30:53Z">
          <params>
            <param index="0">
              <value>
                <![CDATA[public void com.app.qa.tests.TemperatureServicesTest.verifyPageTitle() throws java.lang.Throwable]]>
              </value>
            </param>
          </params>
        </test-method>
        <test-method status="PASS" signature="verifyPageTitle()" name="verifyPageTitle" duration-ms="17" started-at="2015-01-11T11:30:53Z" finished-at="2015-01-11T11:30:53Z">
        </test-method>
        <test-method status="FAIL" signature="verifyTemperaturNoValue(java.lang.String)" name="verifyTemperaturNoValue" duration-ms="0" started-at="2015-01-11T11:30:53Z" finished-at="2015-01-11T11:30:53Z">
          <exception class="org.testng.TestNGException">
            <message>
              <![CDATA[
Parameter 'emptyZip' is required by @Test on method verifyTemperaturNoValue
but has not been marked @Optional or defined ]]>
            </message>
            <full-stacktrace>
              <![CDATA[org.testng.TestNGException: 
Parameter 'emptyZip' is required by @Test on method verifyTemperaturNoValue
but has not been marked @Optional or defined 
	at org.testng.internal.Parameters.createParameters(Parameters.java:144)
	at org.testng.internal.Parameters.createParameters(Parameters.java:342)
	at org.testng.internal.Parameters.handleParameters(Parameters.java:433)
	at org.testng.internal.Invoker.handleParameters(Invoker.java:1316)
	at org.testng.internal.Invoker.createParameters(Invoker.java:1018)
	at org.testng.internal.Invoker.invokeTestMethods(Invoker.java:1118)
	at org.testng.internal.TestMethodWorker.invokeTestMethods(TestMethodWorker.java:125)
	at org.testng.internal.TestMethodWorker.run(TestMethodWorker.java:109)
	at org.testng.TestRunner.runWorkers(TestRunner.java:1178)
	at org.testng.TestRunner.privateRun(TestRunner.java:757)
	at org.testng.TestRunner.run(TestRunner.java:608)
	at org.testng.SuiteRunner.runTest(SuiteRunner.java:334)
	at org.testng.SuiteRunner.runSequentially(SuiteRunner.java:329)
	at org.testng.SuiteRunner.privateRun(SuiteRunner.java:291)
	at org.testng.SuiteRunner.run(SuiteRunner.java:240)
	at org.testng.SuiteRunnerWorker.runSuite(SuiteRunnerWorker.java:52)
	at org.testng.SuiteRunnerWorker.run(SuiteRunnerWorker.java:86)
	at org.testng.TestNG.runSuitesSequentially(TestNG.java:1158)
	at org.testng.TestNG.runSuitesLocally(TestNG.java:1083)
	at org.testng.TestNG.run(TestNG.java:999)
	at org.apache.maven.surefire.testng.TestNGExecutor.run(TestNGExecutor.java:77)
	at org.apache.maven.surefire.testng.TestNGDirectoryTestSuite.execute(TestNGDirectoryTestSuite.java:110)
	at org.apache.maven.surefire.testng.TestNGProvider.invoke(TestNGProvider.java:106)
	at sun.reflect.NativeMethodAccessorImpl.invoke0(Native Method)
	at sun.reflect.NativeMethodAccessorImpl.invoke(NativeMethodAccessorImpl.java:62)
	at sun.reflect.DelegatingMethodAccessorImpl.invoke(DelegatingMethodAccessorImpl.java:43)
	at java.lang.reflect.Method.invoke(Method.java:483)
	at org.apache.maven.surefire.util.ReflectionUtils.invokeMethodWithArray(ReflectionUtils.java:189)
	at org.apache.maven.surefire.booter.ProviderFactory$ProviderProxy.invoke(ProviderFactory.java:165)
	at org.apache.maven.surefire.booter.ProviderFactory.invokeProvider(ProviderFactory.java:85)
	at org.apache.maven.surefire.booter.ForkedBooter.runSuitesInProcess(ForkedBooter.java:115)
	at org.apache.maven.surefire.booter.ForkedBooter.main(ForkedBooter.java:75)
]]>
            </full-stacktrace>
          </exception>
        </test-method>
        <test-method status="PASS" signature="reportHeader(java.lang.reflect.Method)" name="reportHeader" is-config="true" duration-ms="1" started-at="2015-01-11T11:30:53Z" finished-at="2015-01-11T11:30:53Z">
          <params>
            <param index="0">
              <value>
                <![CDATA[public void com.app.qa.tests.TemperatureServicesTest.verifyTemperature(java.lang.String,java.lang.String,java.lang.String) throws java.lang.Throwable]]>
              </value>
            </param>
          </params>
        </test-method>
        <test-method status="PASS" signature="verifyTemperature(java.lang.String, java.lang.String, java.lang.String)" name="verifyTemperature" duration-ms="1477" started-at="2015-01-11T11:30:53Z" finished-at="2015-01-11T11:30:55Z">
          <params>
            <param index="0">
              <value>
                <![CDATA[78735]]>
              </value>
            </param>
            <param index="1">
              <value>
                <![CDATA[100]]>
              </value>
            </param>
            <param index="2">
              <value>
                <![CDATA[30]]>
              </value>
            </param>
          </params>
        </test-method>
        <test-method status="PASS" signature="reportHeader(java.lang.reflect.Method)" name="reportHeader" is-config="true" duration-ms="3" started-at="2015-01-11T11:30:55Z" finished-at="2015-01-11T11:30:55Z">
          <params>
            <param index="0">
              <value>
                <![CDATA[public void com.app.qa.tests.TemperatureServicesTest.verifyTemperature(java.lang.String,java.lang.String,java.lang.String) throws java.lang.Throwable]]>
              </value>
            </param>
          </params>
        </test-method>
        <test-method status="PASS" signature="verifyTemperature(java.lang.String, java.lang.String, java.lang.String)" name="verifyTemperature" duration-ms="1268" started-at="2015-01-11T11:30:55Z" finished-at="2015-01-11T11:30:56Z">
          <params>
            <param index="0">
              <value>
                <![CDATA[78736]]>
              </value>
            </param>
            <param index="1">
              <value>
                <![CDATA[100]]>
              </value>
            </param>
            <param index="2">
              <value>
                <![CDATA[-10]]>
              </value>
            </param>
          </params>
        </test-method>
        <test-method status="FAIL" signature="verifyTemperatureForMissingZip(java.lang.String)" name="verifyTemperatureForMissingZip" duration-ms="0" started-at="2015-01-11T11:30:56Z" finished-at="2015-01-11T11:30:56Z">
          <exception class="org.testng.TestNGException">
            <message>
              <![CDATA[
Parameter 'invalidZip' is required by @Test on method verifyTemperatureForMissingZip
but has not been marked @Optional or defined ]]>
            </message>
            <full-stacktrace>
              <![CDATA[org.testng.TestNGException: 
Parameter 'invalidZip' is required by @Test on method verifyTemperatureForMissingZip
but has not been marked @Optional or defined 
	at org.testng.internal.Parameters.createParameters(Parameters.java:144)
	at org.testng.internal.Parameters.createParameters(Parameters.java:342)
	at org.testng.internal.Parameters.handleParameters(Parameters.java:433)
	at org.testng.internal.Invoker.handleParameters(Invoker.java:1316)
	at org.testng.internal.Invoker.createParameters(Invoker.java:1018)
	at org.testng.internal.Invoker.invokeTestMethods(Invoker.java:1118)
	at org.testng.internal.TestMethodWorker.invokeTestMethods(TestMethodWorker.java:125)
	at org.testng.internal.TestMethodWorker.run(TestMethodWorker.java:109)
	at org.testng.TestRunner.runWorkers(TestRunner.java:1178)
	at org.testng.TestRunner.privateRun(TestRunner.java:757)
	at org.testng.TestRunner.run(TestRunner.java:608)
	at org.testng.SuiteRunner.runTest(SuiteRunner.java:334)
	at org.testng.SuiteRunner.runSequentially(SuiteRunner.java:329)
	at org.testng.SuiteRunner.privateRun(SuiteRunner.java:291)
	at org.testng.SuiteRunner.run(SuiteRunner.java:240)
	at org.testng.SuiteRunnerWorker.runSuite(SuiteRunnerWorker.java:52)
	at org.testng.SuiteRunnerWorker.run(SuiteRunnerWorker.java:86)
	at org.testng.TestNG.runSuitesSequentially(TestNG.java:1158)
	at org.testng.TestNG.runSuitesLocally(TestNG.java:1083)
	at org.testng.TestNG.run(TestNG.java:999)
	at org.apache.maven.surefire.testng.TestNGExecutor.run(TestNGExecutor.java:77)
	at org.apache.maven.surefire.testng.TestNGDirectoryTestSuite.execute(TestNGDirectoryTestSuite.java:110)
	at org.apache.maven.surefire.testng.TestNGProvider.invoke(TestNGProvider.java:106)
	at sun.reflect.NativeMethodAccessorImpl.invoke0(Native Method)
	at sun.reflect.NativeMethodAccessorImpl.invoke(NativeMethodAccessorImpl.java:62)
	at sun.reflect.DelegatingMethodAccessorImpl.invoke(DelegatingMethodAccessorImpl.java:43)
	at java.lang.reflect.Method.invoke(Method.java:483)
	at org.apache.maven.surefire.util.ReflectionUtils.invokeMethodWithArray(ReflectionUtils.java:189)
	at org.apache.maven.surefire.booter.ProviderFactory$ProviderProxy.invoke(ProviderFactory.java:165)
	at org.apache.maven.surefire.booter.ProviderFactory.invokeProvider(ProviderFactory.java:85)
	at org.apache.maven.surefire.booter.ForkedBooter.runSuitesInProcess(ForkedBooter.java:115)
	at org.apache.maven.surefire.booter.ForkedBooter.main(ForkedBooter.java:75)
]]>
            </full-stacktrace>
          </exception>
        </test-method>
        <test-method status="FAIL" signature="verifyTemperatureWithInvalidDetails(java.lang.String)" name="verifyTemperatureWithInvalidDetails" duration-ms="0" started-at="2015-01-11T11:30:56Z" finished-at="2015-01-11T11:30:56Z">
          <exception class="org.testng.TestNGException">
            <message>
              <![CDATA[
Parameter 'zipString' is required by @Test on method verifyTemperatureWithInvalidDetails
but has not been marked @Optional or defined ]]>
            </message>
            <full-stacktrace>
              <![CDATA[org.testng.TestNGException: 
Parameter 'zipString' is required by @Test on method verifyTemperatureWithInvalidDetails
but has not been marked @Optional or defined 
	at org.testng.internal.Parameters.createParameters(Parameters.java:144)
	at org.testng.internal.Parameters.createParameters(Parameters.java:342)
	at org.testng.internal.Parameters.handleParameters(Parameters.java:433)
	at org.testng.internal.Invoker.handleParameters(Invoker.java:1316)
	at org.testng.internal.Invoker.createParameters(Invoker.java:1018)
	at org.testng.internal.Invoker.invokeTestMethods(Invoker.java:1118)
	at org.testng.internal.TestMethodWorker.invokeTestMethods(TestMethodWorker.java:125)
	at org.testng.internal.TestMethodWorker.run(TestMethodWorker.java:109)
	at org.testng.TestRunner.runWorkers(TestRunner.java:1178)
	at org.testng.TestRunner.privateRun(TestRunner.java:757)
	at org.testng.TestRunner.run(TestRunner.java:608)
	at org.testng.SuiteRunner.runTest(SuiteRunner.java:334)
	at org.testng.SuiteRunner.runSequentially(SuiteRunner.java:329)
	at org.testng.SuiteRunner.privateRun(SuiteRunner.java:291)
	at org.testng.SuiteRunner.run(SuiteRunner.java:240)
	at org.testng.SuiteRunnerWorker.runSuite(SuiteRunnerWorker.java:52)
	at org.testng.SuiteRunnerWorker.run(SuiteRunnerWorker.java:86)
	at org.testng.TestNG.runSuitesSequentially(TestNG.java:1158)
	at org.testng.TestNG.runSuitesLocally(TestNG.java:1083)
	at org.testng.TestNG.run(TestNG.java:999)
	at org.apache.maven.surefire.testng.TestNGExecutor.run(TestNGExecutor.java:77)
	at org.apache.maven.surefire.testng.TestNGDirectoryTestSuite.execute(TestNGDirectoryTestSuite.java:110)
	at org.apache.maven.surefire.testng.TestNGProvider.invoke(TestNGProvider.java:106)
	at sun.reflect.NativeMethodAccessorImpl.invoke0(Native Method)
	at sun.reflect.NativeMethodAccessorImpl.invoke(NativeMethodAccessorImpl.java:62)
	at sun.reflect.DelegatingMethodAccessorImpl.invoke(DelegatingMethodAccessorImpl.java:43)
	at java.lang.reflect.Method.invoke(Method.java:483)
	at org.apache.maven.surefire.util.ReflectionUtils.invokeMethodWithArray(ReflectionUtils.java:189)
	at org.apache.maven.surefire.booter.ProviderFactory$ProviderProxy.invoke(ProviderFactory.java:165)
	at org.apache.maven.surefire.booter.ProviderFactory.invokeProvider(ProviderFactory.java:85)
	at org.apache.maven.surefire.booter.ForkedBooter.runSuitesInProcess(ForkedBooter.java:115)
	at org.apache.maven.surefire.booter.ForkedBooter.main(ForkedBooter.java:75)
]]>
            </full-stacktrace>
          </exception>
        </test-method>
        <test-method status="PASS" signature="tearDown(org.testng.ITestContext)" name="tearDown" is-config="true" duration-ms="236" started-at="2015-01-11T11:30:56Z" finished-at="2015-01-11T11:30:56Z">
          <params>
            <param index="0">
              <value>
                <![CDATA[org.testng.TestRunner@6ca18a14]]>
              </value>
            </param>
          </params>
        </test-method>
      </class>
    </test>
  </suite>
</testng-results>
